[2020-05-04T19:22:06.394] [DEBUG] cheese - login => username:admin,password:123456
[2020-05-04T19:22:06.402] [DEBUG] cheese - admin
[2020-05-04T19:22:06.453] [DEBUG] cheese - null
[2020-05-04T19:22:06.454] [DEBUG] cheese - null
[2020-05-05T10:52:48.657] [DEBUG] cheese - login => username:zxasd,password:123123232323
[2020-05-05T10:52:48.664] [DEBUG] cheese - zxasd
[2020-05-05T10:52:48.811] [DEBUG] cheese - null
[2020-05-05T10:52:48.812] [DEBUG] cheese - null
[2020-05-05T10:53:35.539] [DEBUG] cheese - login => username:zx阿萨德,password:123123232323
[2020-05-05T10:53:35.540] [DEBUG] cheese - zx阿萨德
[2020-05-05T10:53:35.552] [DEBUG] cheese - null
[2020-05-05T10:53:35.552] [DEBUG] cheese - null
[2020-05-05T10:55:27.422] [DEBUG] cheese - login => username:zxsds,password:12312323313213
[2020-05-05T10:55:27.422] [DEBUG] cheese - zxsds
[2020-05-05T10:55:27.428] [DEBUG] cheese - null
[2020-05-05T10:55:27.429] [DEBUG] cheese - null
[2020-05-05T10:56:07.301] [DEBUG] cheese - login => username:admin,password:123456
[2020-05-05T10:56:07.302] [DEBUG] cheese - admin
[2020-05-05T10:56:07.318] [DEBUG] cheese - null
[2020-05-05T10:56:07.319] [DEBUG] cheese - null
[2020-05-05T11:06:43.280] [DEBUG] cheese - login => username:zxasdsd,password:123dasdsdsd
[2020-05-05T11:06:43.288] [DEBUG] cheese - zxasdsd
[2020-05-05T11:06:43.334] [DEBUG] cheese - null
[2020-05-05T11:06:43.336] [DEBUG] cheese - null
[2020-05-05T11:06:57.361] [DEBUG] cheese - login => username:admin,password:123456
[2020-05-05T11:06:57.362] [DEBUG] cheese - admin
[2020-05-05T11:06:57.379] [DEBUG] cheese - null
[2020-05-05T11:06:57.379] [DEBUG] cheese - null
[2020-05-05T11:07:34.493] [DEBUG] cheese - login => username:admin,password:123456
[2020-05-05T11:07:34.493] [DEBUG] cheese - admin
[2020-05-05T11:07:34.504] [DEBUG] cheese - null
[2020-05-05T11:07:34.504] [DEBUG] cheese - null
[2020-05-05T13:29:51.221] [DEBUG] cheese - login => username:admin,password:123456
[2020-05-05T13:29:51.230] [DEBUG] cheese - admin
[2020-05-05T13:29:51.273] [DEBUG] cheese - null
[2020-05-05T13:29:51.275] [DEBUG] cheese - null
[2020-05-05T13:47:35.949] [DEBUG] cheese - login => username:admin,password:123456
[2020-05-05T13:47:35.950] [DEBUG] cheese - admin
[2020-05-05T13:47:35.962] [DEBUG] cheese - null
[2020-05-05T13:47:35.963] [DEBUG] cheese - null
[2020-05-05T13:51:31.463] [DEBUG] cheese - login => username:admin,password:123456
[2020-05-05T13:51:31.463] [DEBUG] cheese - admin
[2020-05-05T13:51:31.471] [DEBUG] cheese - null
[2020-05-05T13:51:31.471] [DEBUG] cheese - null
[2020-05-05T13:59:56.780] [DEBUG] cheese - login => username:admin,password:123456
[2020-05-05T13:59:56.780] [DEBUG] cheese - admin
[2020-05-05T13:59:56.788] [DEBUG] cheese - null
[2020-05-05T13:59:56.789] [DEBUG] cheese - null
[2020-05-05T14:09:08.835] [DEBUG] cheese - login => username:admin,password:123456
[2020-05-05T14:09:08.835] [DEBUG] cheese - admin
[2020-05-05T14:09:08.846] [DEBUG] cheese - null
[2020-05-05T14:09:08.846] [DEBUG] cheese - null
